#
# A fatal error has been detected by the Java Runtime Environment:
#
#  SIGSEGV (0xb) at pc=0x00007fff990f78cb, pid=6966, tid=5139
#
# JRE version: Java(TM) SE Runtime Environment (7.0_75-b13) (build 1.7.0_75-b13)
# Java VM: Java HotSpot(TM) 64-Bit Server VM (24.75-b04 mixed mode bsd-amd64 compressed oops)
# Problematic frame:
# C  [vImage+0x518cb]  __vPermuteChannels_ARGB8888_SSSE3_block_invoke+0x24b
#
# Failed to write core dump. Core dumps have been disabled. To enable core dumping, try "ulimit -c unlimited" before starting Java again
#
# If you would like to submit a bug report, please visit:
#   http://bugreport.sun.com/bugreport/crash.jsp
# The crash happened outside the Java Virtual Machine in native code.
# See problematic frame for where to report the bug.
#

---------------  T H R E A D  ---------------

Current thread (0x000000010103b800):  JavaThread "AppKit Thread" daemon [_thread_in_native, id=5139, stack(0x00007fff5fb80000,0x00007fff5fc00000)]

siginfo:si_signo=SIGSEGV: si_errno=0, si_code=1 (SEGV_MAPERR), si_addr=0x000000010f11a000

Registers:
RAX=0x0000000000000001, RBX=0x0000000000000100, RCX=0x0000000000000018, RDX=0x00007fff5fbfab08
RSP=0x00007fff5fbfaa28, RBP=0x00007fff5fbfaa50, RSI=0x0000000000000100, RDI=0x00007fff5fbfaa60
R8 =0x000000010f11a000, R9 =0x0000000102ad0e00, R10=0x0000000000000000, R11=0x0000000000000008
R12=0x0000000000000100, R13=0x0000000102ad0e00, R14=0x000000010f11a000, R15=0x00007fff5fbfab68
RIP=0x00007fff990f78cb, EFLAGS=0x0000000000010287, ERR=0x0000000000000006
  TRAPNO=0x000000000000000e

Top of Stack: (sp=0x00007fff5fbfaa28)
0x00007fff5fbfaa28:   0000000000000000 0000000000000100
0x00007fff5fbfaa38:   00007fff5fbfaae8 0000000000000001
0x00007fff5fbfaa48:   00007fff5fbfab68 00007fff5fbfab50
0x00007fff5fbfaa58:   00007fff990f7641 00007fff7f53b0d0
0x00007fff5fbfaa68:   0000000042000000 00007fff990f7680
0x00007fff5fbfaa78:   00007fff7f35c640 0405060700010203
0x00007fff5fbfaa88:   0c0d0e0f08090a0b 00007fff5fbfab08
0x00007fff5fbfaa98:   00007fff5fbfaae8 00007fff5fbfab88
0x00007fff5fbfaaa8:   0000000000000400 00007fff5fbfab68
0x00007fff5fbfaab8:   0000000000000400 0000000000000100
0x00007fff5fbfaac8:   0000000000000003 0000000000000002
0x00007fff5fbfaad8:   0000000000000001 0000000000000000
0x00007fff5fbfaae8:   0000000000000000 00007fff5fbfaae8
0x00007fff5fbfaaf8:   0000002000000000 0000000000000000
0x00007fff5fbfab08:   0000000000000000 00007fff5fbfab08
0x00007fff5fbfab18:   0000002000000000 0000000000000001
0x00007fff5fbfab28:   0000000000000001 0000000000000001
0x00007fff5fbfab38:   0000000000000100 000000010f11a000
0x00007fff5fbfab48:   0000000000000400 00007fff5fbfabd0
0x00007fff5fbfab58:   00007fff938a51ba 0000010000000000
0x00007fff5fbfab68:   000000010f11a000 0000000000000001
0x00007fff5fbfab78:   0000000000000100 0000000000000400
0x00007fff5fbfab88:   0000000102ad0e00 0000000000000001
0x00007fff5fbfab98:   0000000000000100 0000000000000400
0x00007fff5fbfaba8:   0000000000000001 0000000000000000
0x00007fff5fbfabb8:   0000000000000400 0000000000000001
0x00007fff5fbfabc8:   0000000000000001 00007fff5fbfb340
0x00007fff5fbfabd8:   00007fff938a3906 e200e1a2d7331d01
0x00007fff5fbfabe8:   00007fff5fbfad20 00007fff7f7840f0
0x00007fff5fbfabf8:   00007fff5fbfb450 ffffffffffffffff
0x00007fff5fbfac08:   0000000000000000 00007fff5fbfb410
0x00007fff5fbfac18:   00007fff9b50180f 134b000000000000 

Instructions: (pc=0x00007fff990f78cb)
0x00007fff990f78ab:   00 00 00 00 00 c5 f9 6f 57 20 c4 e2 79 00 c2 c4
0x00007fff990f78bb:   e2 71 00 ca c4 c1 79 6f 55 20 c4 c1 79 6f 5d 30
0x00007fff990f78cb:   c4 c1 79 7f 06 c4 c1 79 7f 4e 10 c4 c1 79 6f 45
0x00007fff990f78db:   40 c4 c1 79 6f 4d 50 4d 8d 6d 40 c5 f9 6f 67 20 

Register to memory mapping:

RAX=0x0000000000000001 is an unknown value
RBX=0x0000000000000100 is an unknown value
RCX=0x0000000000000018 is an unknown value
RDX=0x00007fff5fbfab08 is pointing into the stack for thread: 0x000000010103b800
RSP=0x00007fff5fbfaa28 is pointing into the stack for thread: 0x000000010103b800
RBP=0x00007fff5fbfaa50 is pointing into the stack for thread: 0x000000010103b800
RSI=0x0000000000000100 is an unknown value
RDI=0x00007fff5fbfaa60 is pointing into the stack for thread: 0x000000010103b800
R8 =0x000000010f11a000 is an unknown value
R9 =0x0000000102ad0e00 is an unknown value
R10=0x0000000000000000 is an unknown value
R11=0x0000000000000008 is an unknown value
R12=0x0000000000000100 is an unknown value
R13=0x0000000102ad0e00 is an unknown value
R14=0x000000010f11a000 is an unknown value
R15=0x00007fff5fbfab68 is pointing into the stack for thread: 0x000000010103b800


Stack: [0x00007fff5fb80000,0x00007fff5fc00000],  sp=0x00007fff5fbfaa28,  free space=490k
Native frames: (J=compiled Java code, j=interpreted, Vv=VM code, C=native code)
C  [vImage+0x518cb]  __vPermuteChannels_ARGB8888_SSSE3_block_invoke+0x24b
C  [vImage+0x51641]  vPermuteChannels_ARGB8888_SSSE3+0x1d1
C  [CoreGraphics+0x341ba]  CGSConvertABGR8888toRGBA8888+0x9d
C  [CoreGraphics+0x32906]  argb32_image+0x1766
C  [libRIP.A.dylib+0xeced]  ripl_Mark+0x17
C  [libRIP.A.dylib+0xec8c]  RIPLayerBltImage+0x47a
C  [libRIP.A.dylib+0xe5e1]  ripc_RenderImage+0x109
C  [libRIP.A.dylib+0xc5fe]  ripc_DrawImage+0x496
C  [CoreGraphics+0x226db]  CGContextDrawImage+0x165
C  [QuartzCore+0x191d5]  _ZN2CA6Render12_GLOBAL__N_125create_image_by_renderingEP7CGImageP12CGColorSpacej+0x255
C  [QuartzCore+0x12c84]  _ZN2CA6Render12create_imageEP7CGImageP12CGColorSpacej+0x8a4
C  [QuartzCore+0x1224b]  _ZN2CA6Render10copy_imageEP7CGImageP12CGColorSpacejd+0x17e
C  [QuartzCore+0x18da2]  _ZN2CA6Render17copy_render_valueEPKvPFP12CGColorSpacevE+0x109
C  [QuartzCore+0x1897d]  -[CAGradientLayer _copyRenderLayer:layerFlags:commitFlags:]+0xf1
C  [QuartzCore+0x14df5]  _ZN2CA7Context12commit_layerEPNS_5LayerEjjPv+0x67
C  [QuartzCore+0x14d21]  _ZN2CA5Layer16commit_if_neededEPNS_11TransactionEPFvPS0_jjPvES4_+0x145
C  [QuartzCore+0x14ca2]  _ZN2CA5Layer16commit_if_neededEPNS_11TransactionEPFvPS0_jjPvES4_+0xc6
C  [QuartzCore+0x14ca2]  _ZN2CA5Layer16commit_if_neededEPNS_11TransactionEPFvPS0_jjPvES4_+0xc6
C  [QuartzCore+0xeaf1]  _ZN2CA7Context18commit_transactionEPNS_11TransactionE+0x5d1
C  [QuartzCore+0xe3ae]  _ZN2CA11Transaction6commitEv+0x186
C  [QuartzCore+0x1cf19]  _ZN2CA11Transaction17observer_callbackEP19__CFRunLoopObservermPv+0x47
C  [CoreFoundation+0x80127]  __CFRUNLOOP_IS_CALLING_OUT_TO_AN_OBSERVER_CALLBACK_FUNCTION__+0x17
C  [CoreFoundation+0x80080]  __CFRunLoopDoObservers+0x170
C  [CoreFoundation+0x71bf8]  CFRunLoopRunSpecific+0x148
C  [HIToolbox+0x3256f]  RunCurrentEventLoopInMode+0xeb
C  [HIToolbox+0x322ea]  ReceiveNextEventCommon+0x1af
C  [HIToolbox+0x3212b]  _BlockUntilNextEventMatchingListInModeWithFilter+0x47
C  [AppKit+0x918ab]  _DPSNextEvent+0x3d2
C  [AppKit+0x90e58]  -[NSApplication nextEventMatchingMask:untilDate:inMode:dequeue:]+0x15a
C  [libosxapp.dylib+0x24e3]  -[NSApplicationAWT nextEventMatchingMask:untilDate:inMode:dequeue:]+0x7c
C  [AppKit+0x86af3]  -[NSApplication run]+0x252
C  [libosxapp.dylib+0x2346]  +[NSApplicationAWT runAWTLoopWithApp:]+0x9c
C  [liblwawt.dylib+0xd4dd]  -[AWTStarter starter:]+0x369
C  [Foundation+0x92dd0]  __NSThreadPerformPerform+0x125
C  [CoreFoundation+0x80a01]  __CFRUNLOOP_IS_CALLING_OUT_TO_A_SOURCE0_PERFORM_FUNCTION__+0x11
C  [CoreFoundation+0x72b8d]  __CFRunLoopDoSources0+0x10d
C  [CoreFoundation+0x721bf]  __CFRunLoopRun+0x39f
C  [CoreFoundation+0x71bd8]  CFRunLoopRunSpecific+0x128
C  [CoreFoundation+0x129671]  CFRunLoopRun+0x61
C  [ImageJ-macosx+0xc5d1]  start_ij_macosx+0x1e1
C  [ImageJ-macosx+0x2bbb]  main+0x26b
C  [ImageJ-macosx+0x1285]  _start+0xe3
C  [ImageJ-macosx+0x11a1]  start+0x21


---------------  P R O C E S S  ---------------

Java Threads: ( => current thread )
  0x0000000102a78000 JavaThread "BandAdjuster" [_thread_blocked, id=84103, stack(0x000000013d5da000,0x000000013d6da000)]
  0x00000001340e7000 JavaThread "Image Fetcher 0" daemon [_thread_blocked, id=25151, stack(0x000000013b001000,0x000000013b101000)]
  0x00000001343f4800 JavaThread "zSelector" [_thread_blocked, id=89419, stack(0x000000012b2c1000,0x000000012b3c1000)]
  0x0000000101cb7800 JavaThread "TimerQueue" daemon [_thread_blocked, id=65135, stack(0x00000001226c6000,0x00000001227c6000)]
  0x0000000112c14800 JavaThread "DestroyJavaVM" [_thread_blocked, id=2319, stack(0x000000010007c000,0x00000001000fc000)]
  0x0000000101493800 JavaThread "GC Daemon" daemon [_thread_blocked, id=59139, stack(0x000000011af64000,0x000000011b064000)]
  0x0000000112bd2800 JavaThread "RMI Reaper" [_thread_blocked, id=58627, stack(0x000000011acda000,0x000000011adda000)]
  0x0000000113c6f000 JavaThread "RMI TCP Accept-0" daemon [_thread_in_native, id=57607, stack(0x000000011a9a6000,0x000000011aaa6000)]
  0x0000000100ed9800 JavaThread "Timer-0" daemon [_thread_blocked, id=54043, stack(0x000000011a4ab000,0x000000011a5ab000)]
  0x0000000112b7d800 JavaThread "AWT-EventQueue-0" [_thread_in_native, id=53275, stack(0x000000011a2a5000,0x000000011a3a5000)]
  0x0000000113d87000 JavaThread "Java2D Disposer" daemon [_thread_blocked, id=51739, stack(0x0000000118d37000,0x0000000118e37000)]
  0x0000000100f5f000 JavaThread "Java2D Queue Flusher" daemon [_thread_blocked, id=50695, stack(0x00000001136fc000,0x00000001137fc000)]
  0x0000000101f61800 JavaThread "AWT-Shutdown" [_thread_blocked, id=29199, stack(0x0000000113101000,0x0000000113201000)]
=>0x000000010103b800 JavaThread "AppKit Thread" daemon [_thread_in_native, id=5139, stack(0x00007fff5fb80000,0x00007fff5fc00000)]
  0x000000010189a800 JavaThread "Service Thread" daemon [_thread_blocked, id=17923, stack(0x0000000110d23000,0x0000000110e23000)]
  0x0000000101899800 JavaThread "C2 CompilerThread1" daemon [_thread_blocked, id=17411, stack(0x0000000110c20000,0x0000000110d20000)]
  0x0000000100857800 JavaThread "C2 CompilerThread0" daemon [_thread_blocked, id=16899, stack(0x0000000110b1d000,0x0000000110c1d000)]
  0x0000000101803000 JavaThread "Signal Dispatcher" daemon [_thread_blocked, id=16387, stack(0x0000000110a1a000,0x0000000110b1a000)]
  0x000000010083c000 JavaThread "Surrogate Locker Thread (Concurrent GC)" daemon [_thread_blocked, id=13323, stack(0x0000000110917000,0x0000000110a17000)]
  0x0000000100831000 JavaThread "Finalizer" daemon [_thread_blocked, id=11267, stack(0x000000010ef0c000,0x000000010f00c000)]
  0x0000000100830000 JavaThread "Reference Handler" daemon [_thread_blocked, id=10755, stack(0x000000010ee09000,0x000000010ef09000)]

Other Threads:
  0x000000010188a800 VMThread [stack: 0x000000010ed06000,0x000000010ee06000] [id=10243]
  0x0000000100843000 WatcherThread [stack: 0x0000000110e26000,0x0000000110f26000] [id=18435]

VM state:not at safepoint (normal execution)

VM Mutex/Monitor currently owned by a thread: None

Heap
 par new generation   total 39424K, used 25000K [0x00000006ff800000, 0x00000007022c0000, 0x00000007144c0000)
  eden space 35072K,  67% used [0x00000006ff800000, 0x0000000700f1fcf8, 0x0000000701a40000)
  from space 4352K,  30% used [0x0000000701a40000, 0x0000000701b8a540, 0x0000000701e80000)
  to   space 4352K,   0% used [0x0000000701e80000, 0x0000000701e80000, 0x00000007022c0000)
 concurrent mark-sweep generation total 87424K, used 30342K [0x00000007144c0000, 0x0000000719a20000, 0x00000007f8000000)
 concurrent-mark-sweep perm gen total 131072K, used 49090K [0x00000007f8000000, 0x0000000800000000, 0x0000000800000000)

Card table byte_map: [0x0000000106d6a000,0x000000010756f000] byte_map_base: 0x000000010356e000

Polling page: 0x00000001000fe000

Code Cache  [0x0000000103a61000, 0x0000000103e91000, 0x0000000106a61000)
 total_blobs=1975 nmethods=1324 adapters=603 free_code_cache=44958Kb largest_free_block=45955136

Compilation events (10 events):
Event: 86191.906 Thread 0x0000000101899800 1499   !         java.awt.KeyboardFocusManager::getGlobalFocusOwner (21 bytes)
Event: 86191.908 Thread 0x0000000101899800 nmethod 1499 0x0000000103e75d90 code [0x0000000103e75f00, 0x0000000103e762a8]
Event: 86223.405 Thread 0x0000000100857800 1500   !         java.awt.KeyboardFocusManager::processCurrentLightweightRequests (345 bytes)
Event: 86223.405 Thread 0x0000000101899800 1501   !         java.awt.KeyboardFocusManager::retargetFocusEvent (244 bytes)
Event: 86223.409 Thread 0x0000000100857800 nmethod 1500 0x0000000103e82110 code [0x0000000103e822c0, 0x0000000103e829a8]
Event: 86223.414 Thread 0x0000000101899800 nmethod 1501 0x0000000103e66790 code [0x0000000103e66a20, 0x0000000103e67598]
Event: 86223.849 Thread 0x0000000100857800 1502             sun.lwawt.macosx.CCursorManager::getInstance (4 bytes)
Event: 86223.849 Thread 0x0000000100857800 nmethod 1502 0x0000000103e81f10 code [0x0000000103e82040, 0x0000000103e82098]
Event: 86224.314 Thread 0x0000000101899800 1503   !         sun.awt.RepaintArea::paint (354 bytes)
Event: 86224.343 Thread 0x0000000101899800 nmethod 1503 0x0000000103e89bd0 code [0x0000000103e89f40, 0x0000000103e8b430]

GC Heap History (10 events):
Event: 85875.495 GC heap before
{Heap before GC invocations=54 (full 21):
 par new generation   total 39424K, used 39388K [0x00000006ff800000, 0x00000007022c0000, 0x00000007144c0000)
  eden space 35072K,  99% used [0x00000006ff800000, 0x0000000701a39880, 0x0000000701a40000)
  from space 4352K,  99% used [0x0000000701e80000, 0x00000007022bd7a0, 0x00000007022c0000)
  to   space 4352K,   0% used [0x0000000701a40000, 0x0000000701a40000, 0x0000000701e80000)
 concurrent mark-sweep generation total 87424K, used 25261K [0x00000007144c0000, 0x0000000719a20000, 0x00000007f8000000)
 concurrent-mark-sweep perm gen total 131072K, used 48944K [0x00000007f8000000, 0x0000000800000000, 0x0000000800000000)
Event: 85875.500 GC heap after
Heap after GC invocations=55 (full 21):
 par new generation   total 39424K, used 2917K [0x00000006ff800000, 0x00000007022c0000, 0x00000007144c0000)
  eden space 35072K,   0% used [0x00000006ff800000, 0x00000006ff800000, 0x0000000701a40000)
  from space 4352K,  67% used [0x0000000701a40000, 0x0000000701d19518, 0x0000000701e80000)
  to   space 4352K,   0% used [0x0000000701e80000, 0x0000000701e80000, 0x00000007022c0000)
 concurrent mark-sweep generation total 87424K, used 26739K [0x00000007144c0000, 0x0000000719a20000, 0x00000007f8000000)
 concurrent-mark-sweep perm gen total 131072K, used 48944K [0x00000007f8000000, 0x0000000800000000, 0x0000000800000000)
}
Event: 85982.791 GC heap before
{Heap before GC invocations=55 (full 21):
 par new generation   total 39424K, used 37182K [0x00000006ff800000, 0x00000007022c0000, 0x00000007144c0000)
  eden space 35072K,  97% used [0x00000006ff800000, 0x0000000701976550, 0x0000000701a40000)
  from space 4352K,  67% used [0x0000000701a40000, 0x0000000701d19518, 0x0000000701e80000)
  to   space 4352K,   0% used [0x0000000701e80000, 0x0000000701e80000, 0x00000007022c0000)
 concurrent mark-sweep generation total 87424K, used 26739K [0x00000007144c0000, 0x0000000719a20000, 0x00000007f8000000)
 concurrent-mark-sweep perm gen total 131072K, used 49009K [0x00000007f8000000, 0x0000000800000000, 0x0000000800000000)
Event: 85982.797 GC heap after
Heap after GC invocations=56 (full 21):
 par new generation   total 39424K, used 4352K [0x00000006ff800000, 0x00000007022c0000, 0x00000007144c0000)
  eden space 35072K,   0% used [0x00000006ff800000, 0x00000006ff800000, 0x0000000701a40000)
  from space 4352K, 100% used [0x0000000701e80000, 0x00000007022c0000, 0x00000007022c0000)
  to   space 4352K,   0% used [0x0000000701a40000, 0x0000000701a40000, 0x0000000701e80000)
 concurrent mark-sweep generation total 87424K, used 26943K [0x00000007144c0000, 0x0000000719a20000, 0x00000007f8000000)
 concurrent-mark-sweep perm gen total 131072K, used 49009K [0x00000007f8000000, 0x0000000800000000, 0x0000000800000000)
}
Event: 86027.233 GC heap before
{Heap before GC invocations=56 (full 21):
 par new generation   total 39424K, used 38755K [0x00000006ff800000, 0x00000007022c0000, 0x00000007144c0000)
  eden space 35072K,  98% used [0x00000006ff800000, 0x0000000701998cf8, 0x0000000701a40000)
  from space 4352K, 100% used [0x0000000701e80000, 0x00000007022c0000, 0x00000007022c0000)
  to   space 4352K,   0% used [0x0000000701a40000, 0x0000000701a40000, 0x0000000701e80000)
 concurrent mark-sweep generation total 87424K, used 26943K [0x00000007144c0000, 0x0000000719a20000, 0x00000007f8000000)
 concurrent-mark-sweep perm gen total 131072K, used 49010K [0x00000007f8000000, 0x0000000800000000, 0x0000000800000000)
Event: 86027.239 GC heap after
Heap after GC invocations=57 (full 21):
 par new generation   total 39424K, used 3646K [0x00000006ff800000, 0x00000007022c0000, 0x00000007144c0000)
  eden space 35072K,   0% used [0x00000006ff800000, 0x00000006ff800000, 0x0000000701a40000)
  from space 4352K,  83% used [0x0000000701a40000, 0x0000000701dcfb18, 0x0000000701e80000)
  to   space 4352K,   0% used [0x0000000701e80000, 0x0000000701e80000, 0x00000007022c0000)
 concurrent mark-sweep generation total 87424K, used 29681K [0x00000007144c0000, 0x0000000719a20000, 0x00000007f8000000)
 concurrent-mark-sweep perm gen total 131072K, used 49010K [0x00000007f8000000, 0x0000000800000000, 0x0000000800000000)
}
Event: 86174.631 GC heap before
{Heap before GC invocations=57 (full 21):
 par new generation   total 39424K, used 37154K [0x00000006ff800000, 0x00000007022c0000, 0x00000007144c0000)
  eden space 35072K,  95% used [0x00000006ff800000, 0x00000007018b8dd8, 0x0000000701a40000)
  from space 4352K,  83% used [0x0000000701a40000, 0x0000000701dcfb18, 0x0000000701e80000)
  to   space 4352K,   0% used [0x0000000701e80000, 0x0000000701e80000, 0x00000007022c0000)
 concurrent mark-sweep generation total 87424K, used 29681K [0x00000007144c0000, 0x0000000719a20000, 0x00000007f8000000)
 concurrent-mark-sweep perm gen total 131072K, used 49026K [0x00000007f8000000, 0x0000000800000000, 0x0000000800000000)
Event: 86174.634 GC heap after
Heap after GC invocations=58 (full 21):
 par new generation   total 39424K, used 2915K [0x00000006ff800000, 0x00000007022c0000, 0x00000007144c0000)
  eden space 35072K,   0% used [0x00000006ff800000, 0x00000006ff800000, 0x0000000701a40000)
  from space 4352K,  66% used [0x0000000701e80000, 0x0000000702158de8, 0x00000007022c0000)
  to   space 4352K,   0% used [0x0000000701a40000, 0x0000000701a40000, 0x0000000701e80000)
 concurrent mark-sweep generation total 87424K, used 29681K [0x00000007144c0000, 0x0000000719a20000, 0x00000007f8000000)
 concurrent-mark-sweep perm gen total 131072K, used 49026K [0x00000007f8000000, 0x0000000800000000, 0x0000000800000000)
}
Event: 86213.879 GC heap before
{Heap before GC invocations=58 (full 21):
 par new generation   total 39424K, used 37945K [0x00000006ff800000, 0x00000007022c0000, 0x00000007144c0000)
  eden space 35072K,  99% used [0x00000006ff800000, 0x0000000701a359e8, 0x0000000701a40000)
  from space 4352K,  66% used [0x0000000701e80000, 0x0000000702158de8, 0x00000007022c0000)
  to   space 4352K,   0% used [0x0000000701a40000, 0x0000000701a40000, 0x0000000701e80000)
 concurrent mark-sweep generation total 87424K, used 29681K [0x00000007144c0000, 0x0000000719a20000, 0x00000007f8000000)
 concurrent-mark-sweep perm gen total 131072K, used 49029K [0x00000007f8000000, 0x0000000800000000, 0x0000000800000000)
Event: 86213.882 GC heap after
Heap after GC invocations=59 (full 21):
 par new generation   total 39424K, used 1321K [0x00000006ff800000, 0x00000007022c0000, 0x00000007144c0000)
  eden space 35072K,   0% used [0x00000006ff800000, 0x00000006ff800000, 0x0000000701a40000)
  from space 4352K,  30% used [0x0000000701a40000, 0x0000000701b8a540, 0x0000000701e80000)
  to   space 4352K,   0% used [0x0000000701e80000, 0x0000000701e80000, 0x00000007022c0000)
 concurrent mark-sweep generation total 87424K, used 30342K [0x00000007144c0000, 0x0000000719a20000, 0x00000007f8000000)
 concurrent-mark-sweep perm gen total 131072K, used 49029K [0x00000007f8000000, 0x0000000800000000, 0x0000000800000000)
}

Deoptimization events (10 events):
Event: 85683.971 Thread 0x000000010103b800 Uncommon trap: reason=class_check action=maybe_recompile pc=0x0000000103d1decc method=sun.awt.SunToolkit.getAppContext(Ljava/lang/Object;)Lsun/awt/AppContext; @ 21
Event: 85683.971 Thread 0x0000000112b7d800 Uncommon trap: reason=class_check action=maybe_recompile pc=0x0000000103dc3c30 method=java.awt.EventQueue.getAccessControlContextFrom(Ljava/lang/Object;)Ljava/security/AccessControlContext; @ 25
Event: 85683.971 Thread 0x0000000112b7d800 Uncommon trap: reason=class_check action=maybe_recompile pc=0x0000000103dc3c30 method=java.awt.EventQueue.getAccessControlContextFrom(Ljava/lang/Object;)Ljava/security/AccessControlContext; @ 25
Event: 85683.971 Thread 0x0000000112b7d800 Uncommon trap: reason=class_check action=maybe_recompile pc=0x0000000103d9ad40 method=java.awt.EventQueue.dispatchEventImpl(Ljava/awt/AWTEvent;Ljava/lang/Object;)V @ 52
Event: 85684.017 Thread 0x0000000113d87000 Uncommon trap: reason=unreached action=reinterpret pc=0x0000000103da6d58 method=java.util.concurrent.locks.AbstractQueuedSynchronizer.acquireQueued(Ljava/util/concurrent/locks/AbstractQueuedSynchronizer$Node;I)Z @ 17
Event: 85778.206 Thread 0x000000010103b800 Uncommon trap: reason=class_check action=maybe_recompile pc=0x0000000103d8f5f0 method=sun.awt.SunToolkit.getAppContext(Ljava/lang/Object;)Lsun/awt/AppContext; @ 21
Event: 85778.207 Thread 0x0000000112b7d800 Uncommon trap: reason=class_check action=maybe_recompile pc=0x0000000103d9ad40 method=java.awt.EventQueue.dispatchEventImpl(Ljava/awt/AWTEvent;Ljava/lang/Object;)V @ 52
Event: 85836.941 Thread 0x000000013417e800 Uncommon trap: reason=unloaded action=reinterpret pc=0x0000000103e118b4 method=ij.plugin.filter.MaximumFinder.getSortedMaxPoints(Lij/process/ImageProcessor;Lij/process/ByteProcessor;ZZFFD)[J @ 584
Event: 85962.083 Thread 0x0000000112b7d800 Uncommon trap: reason=unreached action=reinterpret pc=0x0000000103e660e8 method=javax.swing.SwingUtilities.convertPointFromScreen(Ljava/awt/Point;Ljava/awt/Component;)V @ 32
Event: 86046.657 Thread 0x0000000101364800 Uncommon trap: reason=range_check action=make_not_entrant pc=0x0000000103e6447c method=java.util.DualPivotQuicksort.sort([JIIZ)V @ 57

Internal exceptions (10 events):
Event: 85878.119 Thread 0x00000001343f4800 Threw 0x00000006ffa86180 at /HUDSON/workspace/7u-2-build-macosx-x86_64/jdk7u75/1940/hotspot/src/share/vm/prims/jvm.cpp:1281
Event: 85973.296 Thread 0x0000000113b92000 Threw 0x0000000700b4f390 at /HUDSON/workspace/7u-2-build-macosx-x86_64/jdk7u75/1940/hotspot/src/share/vm/interpreter/interpreterRuntime.cpp:362
Event: 86012.437 Thread 0x00000001014fa000 Threw 0x00000007008ac2f0 at /HUDSON/workspace/7u-2-build-macosx-x86_64/jdk7u75/1940/hotspot/src/share/vm/interpreter/interpreterRuntime.cpp:362
Event: 86013.199 Thread 0x0000000112b7d800 Threw 0x000000070098aef8 at /HUDSON/workspace/7u-2-build-macosx-x86_64/jdk7u75/1940/hotspot/src/share/vm/interpreter/interpreterRuntime.cpp:362
Event: 86022.961 Thread 0x0000000112864800 Threw 0x0000000700f2e198 at /HUDSON/workspace/7u-2-build-macosx-x86_64/jdk7u75/1940/hotspot/src/share/vm/interpreter/interpreterRuntime.cpp:362
Event: 86191.341 Thread 0x0000000113a5b000 Threw 0x000000070159c208 at /HUDSON/workspace/7u-2-build-macosx-x86_64/jdk7u75/1940/hotspot/src/share/vm/interpreter/interpreterRuntime.cpp:362
Event: 86192.757 Thread 0x0000000112b7d800 Threw 0x0000000701687100 at /HUDSON/workspace/7u-2-build-macosx-x86_64/jdk7u75/1940/hotspot/src/share/vm/interpreter/interpreterRuntime.cpp:362
Event: 86240.163 Thread 0x0000000113977000 Threw 0x00000006ffcd6d30 at /HUDSON/workspace/7u-2-build-macosx-x86_64/jdk7u75/1940/hotspot/src/share/vm/interpreter/interpreterRuntime.cpp:362
Event: 86250.165 Thread 0x0000000101c66800 Threw 0x0000000700b92200 at /HUDSON/workspace/7u-2-build-macosx-x86_64/jdk7u75/1940/hotspot/src/share/vm/prims/jvm.cpp:1281
Event: 86250.170 Thread 0x0000000101c66800 Threw 0x0000000700bb3c08 at /HUDSON/workspace/7u-2-build-macosx-x86_64/jdk7u75/1940/hotspot/src/share/vm/prims/jvm.cpp:1281

Events (10 events):
Event: 86250.278 Executing VM operation: RevokeBias
Event: 86250.278 Executing VM operation: RevokeBias done
Event: 86250.278 Executing VM operation: RevokeBias
Event: 86250.279 Executing VM operation: RevokeBias done
Event: 86250.279 Executing VM operation: RevokeBias
Event: 86250.279 Executing VM operation: RevokeBias done
Event: 86250.279 Executing VM operation: RevokeBias
Event: 86250.279 Executing VM operation: RevokeBias done
Event: 86250.279 Executing VM operation: RevokeBias
Event: 86250.279 Executing VM operation: RevokeBias done


Dynamic libraries:
0x000000000d690000 	/System/Library/Frameworks/CoreFoundation.framework/Versions/A/CoreFoundation
0x000000000d690000 	/System/Library/Frameworks/ApplicationServices.framework/Versions/A/ApplicationServices
0x000000000d690000 	/usr/lib/libSystem.B.dylib
0x000000000d690000 	/System/Library/Frameworks/CoreServices.framework/Versions/A/CoreServices
0x000000000d690000 	/usr/lib/libauto.dylib
0x000000000d690000 	/usr/lib/libDiagnosticMessagesClient.dylib
0x000000000d690000 	/usr/lib/libicucore.A.dylib
0x000000000d690000 	/usr/lib/libobjc.A.dylib
0x000000000d690000 	/usr/lib/libz.1.dylib
0x000000000d690000 	/usr/lib/libc++.1.dylib
0x000000000d690000 	/usr/lib/libc++abi.dylib
0x000000000d690000 	/usr/lib/system/libcache.dylib
0x000000000d690000 	/usr/lib/system/libcommonCrypto.dylib
0x000000000d690000 	/usr/lib/system/libcompiler_rt.dylib
0x000000000d690000 	/usr/lib/system/libcopyfile.dylib
0x000000000d690000 	/usr/lib/system/libcorecrypto.dylib
0x000000000d690000 	/usr/lib/system/libdispatch.dylib
0x000000000d690000 	/usr/lib/system/libdyld.dylib
0x000000000d690000 	/usr/lib/system/libkeymgr.dylib
0x000000000d690000 	/usr/lib/system/liblaunch.dylib
0x000000000d690000 	/usr/lib/system/libmacho.dylib
0x000000000d690000 	/usr/lib/system/libquarantine.dylib
0x000000000d690000 	/usr/lib/system/libremovefile.dylib
0x000000000d690000 	/usr/lib/system/libsystem_asl.dylib
0x000000000d690000 	/usr/lib/system/libsystem_blocks.dylib
0x000000000d690000 	/usr/lib/system/libsystem_c.dylib
0x000000000d690000 	/usr/lib/system/libsystem_configuration.dylib
0x000000000d690000 	/usr/lib/system/libsystem_coreservices.dylib
0x000000000d690000 	/usr/lib/system/libsystem_coretls.dylib
0x000000000d690000 	/usr/lib/system/libsystem_dnssd.dylib
0x000000000d690000 	/usr/lib/system/libsystem_info.dylib
0x000000000d690000 	/usr/lib/system/libsystem_kernel.dylib
0x000000000d690000 	/usr/lib/system/libsystem_m.dylib
0x000000000d690000 	/usr/lib/system/libsystem_malloc.dylib
0x000000000d690000 	/usr/lib/system/libsystem_network.dylib
0x000000000d690000 	/usr/lib/system/libsystem_networkextension.dylib
0x000000000d690000 	/usr/lib/system/libsystem_notify.dylib
0x000000000d690000 	/usr/lib/system/libsystem_platform.dylib
0x000000000d690000 	/usr/lib/system/libsystem_pthread.dylib
0x000000000d690000 	/usr/lib/system/libsystem_sandbox.dylib
0x000000000d690000 	/usr/lib/system/libsystem_secinit.dylib
0x000000000d690000 	/usr/lib/system/libsystem_stats.dylib
0x000000000d690000 	/usr/lib/system/libsystem_trace.dylib
0x000000000d690000 	/usr/lib/system/libunc.dylib
0x000000000d690000 	/usr/lib/system/libunwind.dylib
0x000000000d690000 	/usr/lib/system/libxpc.dylib
0x000000000d690000 	/System/Library/Frameworks/CoreGraphics.framework/Versions/A/CoreGraphics
0x000000000d690000 	/System/Library/Frameworks/CoreText.framework/Versions/A/CoreText
0x000000000d690000 	/System/Library/Frameworks/ImageIO.framework/Versions/A/ImageIO
0x000000000d690000 	/System/Library/Frameworks/ApplicationServices.framework/Versions/A/Frameworks/ATS.framework/Versions/A/ATS
0x000000000d690000 	/System/Library/Frameworks/ApplicationServices.framework/Versions/A/Frameworks/ColorSync.framework/Versions/A/ColorSync
0x000000000d690000 	/System/Library/Frameworks/ApplicationServices.framework/Versions/A/Frameworks/HIServices.framework/Versions/A/HIServices
0x000000000d690000 	/System/Library/Frameworks/ApplicationServices.framework/Versions/A/Frameworks/LangAnalysis.framework/Versions/A/LangAnalysis
0x000000000d690000 	/System/Library/Frameworks/ApplicationServices.framework/Versions/A/Frameworks/PrintCore.framework/Versions/A/PrintCore
0x000000000d690000 	/System/Library/Frameworks/ApplicationServices.framework/Versions/A/Frameworks/QD.framework/Versions/A/QD
0x000000000d690000 	/System/Library/Frameworks/ApplicationServices.framework/Versions/A/Frameworks/SpeechSynthesis.framework/Versions/A/SpeechSynthesis
0x000000000d690000 	/usr/lib/libbsm.0.dylib
0x000000000d690000 	/System/Library/Frameworks/IOKit.framework/Versions/A/IOKit
0x000000000d690000 	/System/Library/Frameworks/IOSurface.framework/Versions/A/IOSurface
0x000000000d690000 	/System/Library/Frameworks/Security.framework/Versions/A/Security
0x000000000d690000 	/System/Library/Frameworks/Accelerate.framework/Versions/A/Accelerate
0x000000000d690000 	/System/Library/Frameworks/SystemConfiguration.framework/Versions/A/SystemConfiguration
0x000000000d690000 	/System/Library/PrivateFrameworks/MultitouchSupport.framework/Versions/A/MultitouchSupport
0x000000000d690000 	/usr/lib/system/libkxld.dylib
0x000000000d690000 	/System/Library/Frameworks/CFNetwork.framework/Versions/A/CFNetwork
0x000000000d690000 	/System/Library/Frameworks/CoreServices.framework/Versions/A/Frameworks/FSEvents.framework/Versions/A/FSEvents
0x000000000d690000 	/System/Library/Frameworks/CoreServices.framework/Versions/A/Frameworks/CarbonCore.framework/Versions/A/CarbonCore
0x000000000d690000 	/System/Library/Frameworks/CoreServices.framework/Versions/A/Frameworks/Metadata.framework/Versions/A/Metadata
0x000000000d690000 	/System/Library/Frameworks/CoreServices.framework/Versions/A/Frameworks/OSServices.framework/Versions/A/OSServices
0x000000000d690000 	/System/Library/Frameworks/CoreServices.framework/Versions/A/Frameworks/SearchKit.framework/Versions/A/SearchKit
0x000000000d690000 	/System/Library/Frameworks/CoreServices.framework/Versions/A/Frameworks/AE.framework/Versions/A/AE
0x000000000d690000 	/System/Library/Frameworks/CoreServices.framework/Versions/A/Frameworks/LaunchServices.framework/Versions/A/LaunchServices
0x000000000d690000 	/System/Library/Frameworks/CoreServices.framework/Versions/A/Frameworks/DictionaryServices.framework/Versions/A/DictionaryServices
0x000000000d690000 	/usr/lib/libsqlite3.dylib
0x000000000d690000 	/usr/lib/libxml2.2.dylib
0x000000000d690000 	/usr/lib/libxar.1.dylib
0x000000000d690000 	/usr/lib/libpam.2.dylib
0x000000000d690000 	/usr/lib/libOpenScriptingUtil.dylib
0x000000000d690000 	/usr/lib/libbz2.1.0.dylib
0x000000000d690000 	/System/Library/Frameworks/DiskArbitration.framework/Versions/A/DiskArbitration
0x000000000d690000 	/System/Library/Frameworks/NetFS.framework/Versions/A/NetFS
0x000000000d690000 	/System/Library/PrivateFrameworks/NetAuth.framework/Versions/A/NetAuth
0x000000000d690000 	/System/Library/PrivateFrameworks/login.framework/Versions/A/Frameworks/loginsupport.framework/Versions/A/loginsupport
0x000000000d690000 	/System/Library/PrivateFrameworks/DataDetectorsCore.framework/Versions/A/DataDetectorsCore
0x000000000d690000 	/System/Library/PrivateFrameworks/TCC.framework/Versions/A/TCC
0x000000000d690000 	/usr/lib/libmecabra.dylib
0x000000000d690000 	/System/Library/Frameworks/Foundation.framework/Versions/C/Foundation
0x000000000d690000 	/usr/lib/libextension.dylib
0x000000000d690000 	/usr/lib/libarchive.2.dylib
0x000000000d690000 	/usr/lib/liblangid.dylib
0x000000000d690000 	/usr/lib/libCRFSuite.dylib
0x000000000d690000 	/usr/lib/liblzma.5.dylib
0x000000000d690000 	/System/Library/PrivateFrameworks/LanguageModeling.framework/Versions/A/LanguageModeling
0x000000000d690000 	/usr/lib/libcmph.dylib
0x000000000d690000 	/usr/lib/libiconv.2.dylib
0x000000000d690000 	/System/Library/Frameworks/CoreData.framework/Versions/A/CoreData
0x000000000d690000 	/System/Library/Frameworks/OpenDirectory.framework/Versions/A/Frameworks/CFOpenDirectory.framework/Versions/A/CFOpenDirectory
0x000000000d690000 	/System/Library/Frameworks/ServiceManagement.framework/Versions/A/ServiceManagement
0x000000000d690000 	/usr/lib/libxslt.1.dylib
0x000000000d690000 	/System/Library/Frameworks/Accelerate.framework/Versions/A/Frameworks/vImage.framework/Versions/A/vImage
0x000000000d690000 	/System/Library/Frameworks/Accelerate.framework/Versions/A/Frameworks/vecLib.framework/Versions/A/vecLib
0x000000000d690000 	/System/Library/Frameworks/Accelerate.framework/Versions/A/Frameworks/vecLib.framework/Versions/A/libvDSP.dylib
0x000000000d690000 	/System/Library/Frameworks/Accelerate.framework/Versions/A/Frameworks/vecLib.framework/Versions/A/libvMisc.dylib
0x000000000d690000 	/System/Library/Frameworks/Accelerate.framework/Versions/A/Frameworks/vecLib.framework/Versions/A/libLAPACK.dylib
0x000000000d690000 	/System/Library/Frameworks/Accelerate.framework/Versions/A/Frameworks/vecLib.framework/Versions/A/libBLAS.dylib
0x000000000d690000 	/System/Library/Frameworks/Accelerate.framework/Versions/A/Frameworks/vecLib.framework/Versions/A/libLinearAlgebra.dylib
0x000000000d690000 	/System/Library/Frameworks/ApplicationServices.framework/Versions/A/Frameworks/ATS.framework/Versions/A/Resources/libFontParser.dylib
0x000000000d690000 	/System/Library/Frameworks/ApplicationServices.framework/Versions/A/Frameworks/ATS.framework/Versions/A/Resources/libFontRegistry.dylib
0x000000000d690000 	/System/Library/PrivateFrameworks/AppleVPA.framework/Versions/A/AppleVPA
0x000000000d690000 	/System/Library/PrivateFrameworks/AppleJPEG.framework/Versions/A/AppleJPEG
0x000000000d690000 	/System/Library/Frameworks/ImageIO.framework/Versions/A/Resources/libJPEG.dylib
0x000000000d690000 	/System/Library/Frameworks/ImageIO.framework/Versions/A/Resources/libTIFF.dylib
0x000000000d690000 	/System/Library/Frameworks/ImageIO.framework/Versions/A/Resources/libPng.dylib
0x000000000d690000 	/System/Library/Frameworks/ImageIO.framework/Versions/A/Resources/libGIF.dylib
0x000000000d690000 	/System/Library/Frameworks/ImageIO.framework/Versions/A/Resources/libJP2.dylib
0x000000000d690000 	/System/Library/Frameworks/ImageIO.framework/Versions/A/Resources/libRadiance.dylib
0x000000000d690000 	/System/Library/Frameworks/OpenGL.framework/Versions/A/OpenGL
0x000000000d690000 	/System/Library/Frameworks/CoreVideo.framework/Versions/A/CoreVideo
0x000000000d690000 	/System/Library/Frameworks/OpenGL.framework/Versions/A/Libraries/libGLU.dylib
0x000000000d690000 	/System/Library/Frameworks/OpenGL.framework/Versions/A/Libraries/libGFXShared.dylib
0x000000000d690000 	/System/Library/Frameworks/OpenGL.framework/Versions/A/Libraries/libGL.dylib
0x000000000d690000 	/System/Library/Frameworks/OpenGL.framework/Versions/A/Libraries/libGLImage.dylib
0x000000000d690000 	/System/Library/Frameworks/OpenGL.framework/Versions/A/Libraries/libCVMSPluginSupport.dylib
0x000000000d690000 	/System/Library/Frameworks/OpenGL.framework/Versions/A/Libraries/libCoreVMClient.dylib
0x000000000d690000 	/usr/lib/libcups.2.dylib
0x000000000d690000 	/System/Library/Frameworks/Kerberos.framework/Versions/A/Kerberos
0x000000000d690000 	/System/Library/Frameworks/GSS.framework/Versions/A/GSS
0x000000000d690000 	/usr/lib/libresolv.9.dylib
0x000000000d690000 	/System/Library/PrivateFrameworks/Heimdal.framework/Versions/A/Heimdal
0x000000000d690000 	/usr/lib/libheimdal-asn1.dylib
0x000000000d690000 	/System/Library/Frameworks/OpenDirectory.framework/Versions/A/OpenDirectory
0x000000000d690000 	/System/Library/PrivateFrameworks/CommonAuth.framework/Versions/A/CommonAuth
0x000000000d690000 	/System/Library/Frameworks/SecurityFoundation.framework/Versions/A/SecurityFoundation
0x000000000d690000 	/System/Library/Frameworks/CoreAudio.framework/Versions/A/CoreAudio
0x000000000d690000 	/System/Library/Frameworks/AudioToolbox.framework/Versions/A/AudioToolbox
0x0000000100413000 	/Library/Java/JavaVirtualMachines/jdk1.7.0_75.jdk/Contents/Home//jre/lib/jli/libjli.dylib
0x000000000d690000 	/System/Library/Frameworks/Cocoa.framework/Versions/A/Cocoa
0x000000000d690000 	/System/Library/Frameworks/AppKit.framework/Versions/C/AppKit
0x000000000d690000 	/System/Library/PrivateFrameworks/RemoteViewServices.framework/Versions/A/RemoteViewServices
0x000000000d690000 	/System/Library/PrivateFrameworks/UIFoundation.framework/Versions/A/UIFoundation
0x000000000d690000 	/System/Library/Frameworks/AudioUnit.framework/Versions/A/AudioUnit
0x000000000d690000 	/System/Library/PrivateFrameworks/DesktopServicesPriv.framework/Versions/A/DesktopServicesPriv
0x000000000d690000 	/System/Library/Frameworks/Carbon.framework/Versions/A/Frameworks/HIToolbox.framework/Versions/A/HIToolbox
0x000000000d690000 	/System/Library/Frameworks/QuartzCore.framework/Versions/A/QuartzCore
0x000000000d690000 	/System/Library/Frameworks/Carbon.framework/Versions/A/Frameworks/SpeechRecognition.framework/Versions/A/SpeechRecognition
0x000000000d690000 	/System/Library/PrivateFrameworks/CoreUI.framework/Versions/A/CoreUI
0x000000000d690000 	/System/Library/PrivateFrameworks/PerformanceAnalysis.framework/Versions/A/PerformanceAnalysis
0x000000000d690000 	/System/Library/PrivateFrameworks/GenerationalStorage.framework/Versions/A/GenerationalStorage
0x000000000d690000 	/System/Library/PrivateFrameworks/Sharing.framework/Versions/A/Sharing
0x000000000d690000 	/System/Library/PrivateFrameworks/Backup.framework/Versions/A/Backup
0x000000000d690000 	/System/Library/Frameworks/Carbon.framework/Versions/A/Frameworks/Ink.framework/Versions/A/Ink
0x000000000d690000 	/System/Library/Frameworks/QuartzCore.framework/Versions/A/Frameworks/CoreImage.framework/Versions/A/CoreImage
0x000000000d690000 	/System/Library/PrivateFrameworks/CrashReporterSupport.framework/Versions/A/CrashReporterSupport
0x000000000d690000 	/System/Library/Frameworks/OpenCL.framework/Versions/A/OpenCL
0x000000000d690000 	/System/Library/PrivateFrameworks/FaceCore.framework/Versions/A/FaceCore
0x000000000d690000 	/System/Library/PrivateFrameworks/Ubiquity.framework/Versions/A/Ubiquity
0x000000000d690000 	/System/Library/PrivateFrameworks/IconServices.framework/Versions/A/IconServices
0x000000000d690000 	/System/Library/PrivateFrameworks/ChunkingLibrary.framework/Versions/A/ChunkingLibrary
0x000000000d690000 	/System/Library/PrivateFrameworks/Apple80211.framework/Versions/A/Apple80211
0x000000000d690000 	/System/Library/Frameworks/CoreWLAN.framework/Versions/A/CoreWLAN
0x000000000d690000 	/System/Library/Frameworks/IOBluetooth.framework/Versions/A/IOBluetooth
0x000000000d690000 	/System/Library/PrivateFrameworks/CoreWiFi.framework/Versions/A/CoreWiFi
0x000000000d690000 	/System/Library/Frameworks/CoreBluetooth.framework/Versions/A/CoreBluetooth
0x000000000d690000 	/System/Library/PrivateFrameworks/DebugSymbols.framework/Versions/A/DebugSymbols
0x000000000d690000 	/System/Library/PrivateFrameworks/CoreSymbolication.framework/Versions/A/CoreSymbolication
0x000000000d690000 	/System/Library/PrivateFrameworks/Symbolication.framework/Versions/A/Symbolication
0x000000000d690000 	/System/Library/PrivateFrameworks/SpeechRecognitionCore.framework/Versions/A/SpeechRecognitionCore
0x0000000103000000 	/Library/Java/JavaVirtualMachines/jdk1.7.0_75.jdk/Contents/Home//jre/lib/server/libjvm.dylib
0x000000000d690000 	/usr/lib/libstdc++.6.dylib
0x0000000100426000 	/Library/Java/JavaVirtualMachines/jdk1.7.0_75.jdk/Contents/Home/jre/lib/libverify.dylib
0x0000000100433000 	/Library/Java/JavaVirtualMachines/jdk1.7.0_75.jdk/Contents/Home/jre/lib/libjava.dylib
0x000000010046b000 	/Library/Java/JavaVirtualMachines/jdk1.7.0_75.jdk/Contents/Home/jre/lib/libzip.dylib
0x00000001007e4000 	/System/Library/Frameworks/JavaVM.framework/Frameworks/JavaRuntimeSupport.framework/JavaRuntimeSupport
0x000000010f00e000 	/System/Library/Frameworks/JavaVM.framework/Versions/A/Frameworks/JavaNativeFoundation.framework/Versions/A/JavaNativeFoundation
0x000000010f023000 	/System/Library/Frameworks/JavaVM.framework/Versions/A/JavaVM
0x000000000d690000 	/System/Library/Frameworks/Carbon.framework/Versions/A/Carbon
0x000000010f030000 	/System/Library/PrivateFrameworks/JavaLaunching.framework/Versions/A/JavaLaunching
0x000000000d690000 	/System/Library/Frameworks/Carbon.framework/Versions/A/Frameworks/CommonPanels.framework/Versions/A/CommonPanels
0x000000000d690000 	/System/Library/Frameworks/Carbon.framework/Versions/A/Frameworks/Help.framework/Versions/A/Help
0x000000000d690000 	/System/Library/Frameworks/Carbon.framework/Versions/A/Frameworks/ImageCapture.framework/Versions/A/ImageCapture
0x000000000d690000 	/System/Library/Frameworks/Carbon.framework/Versions/A/Frameworks/OpenScripting.framework/Versions/A/OpenScripting
0x000000000d690000 	/System/Library/Frameworks/Carbon.framework/Versions/A/Frameworks/Print.framework/Versions/A/Print
0x000000000d690000 	/System/Library/Frameworks/Carbon.framework/Versions/A/Frameworks/SecurityHI.framework/Versions/A/SecurityHI
0x0000000111c52000 	/Library/Java/JavaVirtualMachines/jdk1.7.0_75.jdk/Contents/Home/jre/lib/libawt.dylib
0x0000000111f00000 	/Library/Java/JavaVirtualMachines/jdk1.7.0_75.jdk/Contents/Home/jre/lib/./libmlib_image.dylib
0x0000000112039000 	/Library/Java/JavaVirtualMachines/jdk1.7.0_75.jdk/Contents/Home/jre/lib/lwawt/liblwawt.dylib
0x0000000111ab3000 	/Library/Java/JavaVirtualMachines/jdk1.7.0_75.jdk/Contents/Home/jre/lib/libosxapp.dylib
0x000000000d690000 	/System/Library/Frameworks/ExceptionHandling.framework/Versions/A/ExceptionHandling
0x000000000d690000 	/System/Library/PrivateFrameworks/CoreServicesInternal.framework/Versions/A/CoreServicesInternal
0x000000000d690000 	/System/Library/PrivateFrameworks/CloudDocs.framework/Versions/A/CloudDocs
0x000000000d690000 	/System/Library/PrivateFrameworks/CoreDuet.framework/Versions/A/CoreDuet
0x000000000d690000 	/System/Library/Frameworks/CloudKit.framework/Versions/A/CloudKit
0x000000000d690000 	/System/Library/PrivateFrameworks/ProtocolBuffer.framework/Versions/A/ProtocolBuffer
0x000000000d690000 	/System/Library/PrivateFrameworks/CoreDuetDaemonProtocol.framework/Versions/A/CoreDuetDaemonProtocol
0x000000000d690000 	/System/Library/PrivateFrameworks/CoreDuetDebugLogging.framework/Versions/A/CoreDuetDebugLogging
0x000000000d690000 	/System/Library/PrivateFrameworks/MMCS.framework/Versions/A/MMCS
0x000000000d690000 	/System/Library/Frameworks/CoreLocation.framework/Versions/A/CoreLocation
0x000000000d690000 	/System/Library/PrivateFrameworks/ProtectedCloudStorage.framework/Versions/A/ProtectedCloudStorage
0x000000000d690000 	/System/Library/PrivateFrameworks/GeoServices.framework/Versions/A/GeoServices
0x000000000d690000 	/System/Library/Frameworks/CoreGraphics.framework/Versions/A/Resources/libCGCMS.A.dylib
0x000000000d690000 	/System/Library/CoreServices/RawCamera.bundle/Contents/MacOS/RawCamera
0x000000000d690000 	/System/Library/Frameworks/CoreGraphics.framework/Versions/A/Resources/libRIP.A.dylib
0x000000000d690000 	/System/Library/Frameworks/CoreGraphics.framework/Versions/A/Resources/libCGXType.A.dylib
0x000000000d690000 	/System/Library/Frameworks/OpenCL.framework/Versions/A/Libraries/libcldcpuengine.dylib
0x000000000d690000 	/System/Library/PrivateFrameworks/DiskImages.framework/Versions/A/DiskImages
0x000000000d690000 	/System/Library/Frameworks/DiscRecording.framework/Versions/A/DiscRecording
0x000000000d690000 	/usr/lib/libcsfde.dylib
0x000000000d690000 	/usr/lib/libcurl.4.dylib
0x000000000d690000 	/System/Library/PrivateFrameworks/MediaKit.framework/Versions/A/MediaKit
0x000000000d690000 	/usr/lib/libCoreStorage.dylib
0x000000000d690000 	/System/Library/PrivateFrameworks/EFILogin.framework/Versions/A/EFILogin
0x000000000d690000 	/usr/lib/libutil.dylib
0x000000000d690000 	/System/Library/PrivateFrameworks/FindMyDevice.framework/Versions/A/FindMyDevice
0x000000000d690000 	/System/Library/Frameworks/LDAP.framework/Versions/A/LDAP
0x000000000d690000 	/usr/lib/libsasl2.2.dylib
0x000000000d690000 	/System/Library/PrivateFrameworks/CoreDaemon.framework/Versions/B/CoreDaemon
0x000000000d690000 	/usr/lib/libcrypto.0.9.8.dylib
0x000000000d690000 	/System/Library/PrivateFrameworks/AppleSRP.framework/Versions/A/AppleSRP
0x000000000d690000 	/System/Library/PrivateFrameworks/TrustEvaluationAgent.framework/Versions/A/TrustEvaluationAgent
0x0000000110fec000 	cl_kernels
0x0000000113203000 	/System/Library/Frameworks/OpenCL.framework/Versions/A/Libraries/ImageFormats/unorm8_bgra.dylib
0x0000000110ff2000 	cl_kernels
0x000000000d690000 	/System/Library/Frameworks/OpenGL.framework/Versions/A/Resources/GLEngine.bundle/GLEngine
0x000000000d690000 	/System/Library/Frameworks/OpenGL.framework/Versions/A/Libraries/libGLProgrammability.dylib
0x0000000118000000 	/System/Library/Extensions/AppleIntelBDWGraphicsGLDriver.bundle/Contents/MacOS/AppleIntelBDWGraphicsGLDriver
0x000000000d690000 	/System/Library/PrivateFrameworks/IOAccelerator.framework/Versions/A/IOAccelerator
0x000000000d690000 	/System/Library/PrivateFrameworks/GPUSupport.framework/Versions/A/Libraries/libGPUSupportMercury.dylib
0x000000000d690000 	/System/Library/Frameworks/OpenGL.framework/Versions/A/Resources/GLRendererFloat.bundle/GLRendererFloat
0x0000000118e39000 	/Library/Java/JavaVirtualMachines/jdk1.7.0_75.jdk/Contents/Home/jre/lib/libfontmanager.dylib
0x0000000111186000 	/Library/Java/JavaVirtualMachines/jdk1.7.0_75.jdk/Contents/Home/jre/lib/libosxui.dylib
0x0000000111b57000 	/Library/Java/JavaVirtualMachines/jdk1.7.0_75.jdk/Contents/Home/jre/lib/libnio.dylib
0x0000000111d61000 	/Library/Java/JavaVirtualMachines/jdk1.7.0_75.jdk/Contents/Home/jre/lib/./libnet.dylib
0x0000000111d77000 	/Library/Java/JavaVirtualMachines/jdk1.7.0_75.jdk/Contents/Home/jre/lib/libAppleScriptEngine.dylib
0x0000000111d83000 	/Library/Java/JavaVirtualMachines/jdk1.7.0_75.jdk/Contents/Home/jre/lib/libosx.dylib
0x00000001123a7000 	/Library/Java/JavaVirtualMachines/jdk1.7.0_75.jdk/Contents/Home/jre/lib/libdcpr.dylib
0x000000000d690000 	/System/Library/Frameworks/Accelerate.framework/Versions/A/Frameworks/vImage.framework/Versions/A/Libraries/libCGInterfaces.dylib
0x000000000d690000 	/System/Library/PrivateFrameworks/Shortcut.framework/Versions/A/Shortcut
0x000000000d690000 	/System/Library/PrivateFrameworks/HelpData.framework/Versions/A/HelpData
0x000000000d690000 	/usr/lib/libtidy.A.dylib
0x000000010f15f000 	cl_kernels
0x000000010f175000 	cl_kernels
0x000000000d690000 	/System/Library/PrivateFrameworks/FinderKit.framework/Versions/A/FinderKit
0x000000000d690000 	/System/Library/PrivateFrameworks/Suggestions.framework/Versions/A/Suggestions
0x000000000d690000 	/System/Library/Frameworks/Quartz.framework/Versions/A/Frameworks/QuickLookUI.framework/Versions/A/QuickLookUI
0x000000000d690000 	/System/Library/Frameworks/Quartz.framework/Versions/A/Frameworks/ImageKit.framework/Versions/A/ImageKit
0x000000000d690000 	/System/Library/PrivateFrameworks/Bom.framework/Versions/A/Bom
0x000000000d690000 	/System/Library/Frameworks/QuickLook.framework/Versions/A/QuickLook
0x000000000d690000 	/System/Library/PrivateFrameworks/SystemAdministration.framework/Versions/A/SystemAdministration
0x000000000d690000 	/System/Library/PrivateFrameworks/AppleSystemInfo.framework/Versions/A/AppleSystemInfo
0x000000000d690000 	/System/Library/Frameworks/ImageCaptureCore.framework/Versions/A/ImageCaptureCore
0x000000000d690000 	/System/Library/Frameworks/AddressBook.framework/Versions/A/AddressBook
0x000000000d690000 	/System/Library/PrivateFrameworks/IntlPreferences.framework/Versions/A/IntlPreferences
0x000000000d690000 	/System/Library/PrivateFrameworks/ToneLibrary.framework/Versions/A/ToneLibrary
0x000000000d690000 	/System/Library/PrivateFrameworks/ToneKit.framework/Versions/A/ToneKit
0x000000000d690000 	/System/Library/PrivateFrameworks/vCard.framework/Versions/A/vCard
0x000000000d690000 	/System/Library/PrivateFrameworks/ApplePushService.framework/Versions/A/ApplePushService
0x000000000d690000 	/System/Library/PrivateFrameworks/ContactsData.framework/Versions/A/ContactsData
0x000000000d690000 	/System/Library/PrivateFrameworks/ContactsFoundation.framework/Versions/A/ContactsFoundation
0x000000000d690000 	/System/Library/Frameworks/DirectoryService.framework/Versions/A/DirectoryService
0x000000000d690000 	/System/Library/Frameworks/SecurityInterface.framework/Versions/A/SecurityInterface
0x000000000d690000 	/System/Library/PrivateFrameworks/PhoneNumbers.framework/Versions/A/PhoneNumbers
0x000000000d690000 	/System/Library/Frameworks/Quartz.framework/Versions/A/Quartz
0x000000000d690000 	/System/Library/Frameworks/AVFoundation.framework/Versions/A/AVFoundation
0x000000000d690000 	/System/Library/Frameworks/AVFoundation.framework/Versions/A/Resources/libAVFAudio.dylib
0x000000000d690000 	/System/Library/Frameworks/CoreMedia.framework/Versions/A/CoreMedia
0x000000000d690000 	/System/Library/Frameworks/MediaToolbox.framework/Versions/A/MediaToolbox
0x000000000d690000 	/System/Library/Frameworks/VideoToolbox.framework/Versions/A/VideoToolbox
0x000000000d690000 	/System/Library/Frameworks/CoreMediaIO.framework/Versions/A/CoreMediaIO
0x000000000d690000 	/System/Library/PrivateFrameworks/MediaControlSender.framework/Versions/A/MediaControlSender
0x000000000d690000 	/System/Library/PrivateFrameworks/CoreAVCHD.framework/Versions/A/CoreAVCHD
0x000000000d690000 	/System/Library/Frameworks/MediaAccessibility.framework/Versions/A/MediaAccessibility
0x000000000d690000 	/System/Library/PrivateFrameworks/Mangrove.framework/Versions/A/Mangrove
0x000000000d690000 	/System/Library/PrivateFrameworks/CoreAUC.framework/Versions/A/CoreAUC
0x000000000d690000 	/System/Library/PrivateFrameworks/NetworkStatistics.framework/Versions/A/NetworkStatistics
0x000000000d690000 	/System/Library/PrivateFrameworks/AirPlaySupport.framework/Versions/A/AirPlaySupport
0x000000000d690000 	/System/Library/PrivateFrameworks/CoreUtils.framework/Versions/A/CoreUtils
0x000000000d690000 	/System/Library/PrivateFrameworks/AppleVA.framework/Versions/A/AppleVA
0x000000000d690000 	/System/Library/PrivateFrameworks/XPCService.framework/Versions/A/XPCService
0x000000000d690000 	/System/Library/PrivateFrameworks/AppSandbox.framework/Versions/A/AppSandbox
0x000000000d690000 	/usr/lib/libsandbox.1.dylib
0x000000000d690000 	/System/Library/PrivateFrameworks/AppContainer.framework/Versions/A/AppContainer
0x000000000d690000 	/System/Library/PrivateFrameworks/SecCodeWrapper.framework/Versions/A/SecCodeWrapper
0x000000000d690000 	/usr/lib/libMatch.1.dylib
0x000000000d690000 	/System/Library/PrivateFrameworks/SafariServices.framework/Versions/A/SafariServices
0x000000000d690000 	/usr/lib/libspindump.dylib
0x000000000d690000 	/System/Library/Frameworks/QTKit.framework/Versions/A/QTKit
0x000000000d690000 	/System/Library/PrivateFrameworks/CoreMediaAuthoring.framework/Versions/A/CoreMediaAuthoring
0x000000000d690000 	/System/Library/Frameworks/Quartz.framework/Versions/A/Frameworks/QuartzComposer.framework/Versions/A/QuartzComposer
0x000000000d690000 	/System/Library/Frameworks/Quartz.framework/Versions/A/Frameworks/PDFKit.framework/Versions/A/PDFKit
0x000000000d690000 	/System/Library/Frameworks/Quartz.framework/Versions/A/Frameworks/QuartzFilters.framework/Versions/A/QuartzFilters
0x000000000d690000 	/System/Library/Frameworks/JavaScriptCore.framework/Versions/A/JavaScriptCore
0x000000000d690000 	/System/Library/PrivateFrameworks/CorePDF.framework/Versions/A/CorePDF
0x000000000d690000 	/System/Library/PrivateFrameworks/DisplayServices.framework/Versions/A/DisplayServices
0x000000000d690000 	/System/Library/PrivateFrameworks/AppleFSCompression.framework/Versions/A/AppleFSCompression
0x000000000d690000 	/System/Library/PrivateFrameworks/LoginUIKit.framework/Versions/A/Frameworks/LoginUICore.framework/Versions/A/LoginUICore
0x000000000d690000 	/usr/lib/libodfde.dylib
0x000000011264e000 	/System/Library/PrivateFrameworks/CacheDelete.framework/CacheDelete
0x000000000d690000 	/System/Library/PrivateFrameworks/PlugInKit.framework/Versions/A/PlugInKit
0x0000000120101000 	/System/Library/Frameworks/OpenCL.framework/Versions/A/Libraries/ImageFormats/unorm8_rgba.dylib
0x00000001134fa000 	cl_kernels
0x000000011265f000 	/Library/Java/JavaVirtualMachines/jdk1.7.0_75.jdk/Contents/Home/jre/lib/libjpeg.dylib
0x000000000d690000 	/System/Library/Frameworks/ApplicationServices.framework/Versions/A/Frameworks/ATS.framework/Versions/A/Resources/libTrueTypeScaler.dylib

VM Arguments:
jvm_args: -Djava.ext.dirs=/Users/Lillyan/Desktop/Fiji.app/java/macosx-java3d/Home/lib/ext:/Library/Java/JavaVirtualMachines/jdk1.7.0_75.jdk/Contents/Home/jre/lib/ext:/Library/Java/JavaVirtualMachines/jdk1.7.0_75.jdk/Contents/Home/lib/ext:/Library/Java/Extensions:/System/Library/Java/Extensions:/System/Library/Frameworks/JavaVM.framework/Home/lib/ext -Dpython.cachedir.skip=true -Dplugins.dir=/Users/Lillyan/Desktop/Fiji.app -Xmx3976m -Xincgc -XX:PermSize=128m 
java_command: <unknown>
Launcher Type: generic

Environment Variables:
JAVA_HOME=/Library/Java/JavaVirtualMachines/jdk1.7.0_75.jdk/Contents/Home//jre
PATH=/usr/bin:/bin:/usr/sbin:/sbin
SHELL=/bin/bash
DISPLAY=/private/tmp/com.apple.launchd.qZO5a3k7Df/org.macosforge.xquartz:0
DYLD_LIBRARY_PATH=/Users/Lillyan/Desktop/Fiji.app/lib/macosx:/Users/Lillyan/Desktop/Fiji.app/mm/macosx

Signal Handlers:
SIGSEGV: [libjvm.dylib+0x52d20d], sa_mask[0]=0xfffefeff, sa_flags=0x00000043
SIGBUS: [libjvm.dylib+0x52d20d], sa_mask[0]=0xfffefeff, sa_flags=0x00000042
SIGFPE: [libjvm.dylib+0x41ee7a], sa_mask[0]=0xfffefeff, sa_flags=0x00000042
SIGPIPE: [libjvm.dylib+0x41ee7a], sa_mask[0]=0xfffefeff, sa_flags=0x00000042
SIGXFSZ: [libjvm.dylib+0x41ee7a], sa_mask[0]=0xfffefeff, sa_flags=0x00000042
SIGILL: [libjvm.dylib+0x41ee7a], sa_mask[0]=0xfffefeff, sa_flags=0x00000042
SIGUSR1: SIG_DFL, sa_mask[0]=0x00000000, sa_flags=0x00000000
SIGUSR2: [libjvm.dylib+0x41e96c], sa_mask[0]=0x00000000, sa_flags=0x00000042
SIGHUP: [libjvm.dylib+0x41cbfd], sa_mask[0]=0xfffefeff, sa_flags=0x00000042
SIGINT: [libjvm.dylib+0x41cbfd], sa_mask[0]=0xfffefeff, sa_flags=0x00000042
SIGTERM: [libjvm.dylib+0x41cbfd], sa_mask[0]=0xfffefeff, sa_flags=0x00000042
SIGQUIT: [libjvm.dylib+0x41cbfd], sa_mask[0]=0xfffefeff, sa_flags=0x00000042


---------------  S Y S T E M  ---------------

OS:Bsduname:Darwin 14.5.0 Darwin Kernel Version 14.5.0: Wed Jul 29 02:26:53 PDT 2015; root:xnu-2782.40.9~1/RELEASE_X86_64 x86_64
rlimit: STACK 8192k, CORE 0k, NPROC 709, NOFILE 10240, AS infinity
load average:1.41 1.26 1.06

CPU:total 4 (2 cores per cpu, 2 threads per core) family 6 model 61 stepping 4, cmov, cx8, fxsr, mmx, sse, sse2, sse3, ssse3, sse4.1, sse4.2, popcnt, avx, avx2, aes, erms, ht, tsc, tscinvbit

Memory: 4k page, physical 8388608k(2097152k free)

/proc/meminfo:


vm_info: Java HotSpot(TM) 64-Bit Server VM (24.75-b04) for bsd-amd64 JRE (1.7.0_75-b13), built on Dec 18 2014 21:48:12 by "java_re" with gcc 4.2.1 (Based on Apple Inc. build 5658) (LLVM build 2336.11.00)

time: Wed Sep 16 23:40:16 2015
elapsed time: 86250 seconds

